[debug] > Exec(early(addDefaultCommands), None, None)
[debug] > Exec(addDefaultCommands, None, None)
[debug] > Exec(early(initialize), None, None)
[debug] > Exec(initialize, None, None)
[debug] > Exec(early(addPluginSbtFile="""C:\Users\barkm\AppData\Local\Temp\idea1.sbt"""), None, None)
[debug] > Exec(addPluginSbtFile="""C:\Users\barkm\AppData\Local\Temp\idea1.sbt""", None, None)
[debug] > Exec(boot, None, None)
[debug] > Exec(writeSbtVersion, None, None)
[info] Updated file C:\Users\Marks-Desktop\Coding\scala-snake-game\project\build.properties: set sbt.version to 1.10.1
[debug] > Exec(reload, None, None)
[debug] > Exec(sbtStashOnFailure, None, None)
[debug] > Exec(onFailure loadFailed, None, None)
[debug] > Exec(loadp, None, None)
[info] welcome to sbt 1.10.1 (Oracle Corporation Java 23.0.1)
[debug] Load.defaultLoad until apply took 108.6585ms
[debug]           Load.loadUnit: plugins took 151.3224ms
[debug]           Load.loadUnit: defsScala took 0.604ms
[debug] [Loading] Scanning directory C:\Users\Marks-Desktop\Coding\scala-snake-game\project
[debug]             Load.loadUnit: mkEval took 6.8636ms
[debug] [Loading] Found non-root projects 
[debug] [Loading] Done in C:\Users\Marks-Desktop\Coding\scala-snake-game\project, returning: ()
[debug] deducing auto plugins based on known facts Set(Atom(sbt.plugins.CorePlugin)) and clauses Clauses(Clause(Atom(sbt.plugins.JvmPlugin),Set(Atom(sbt.plugins.IvyPlugin)))
[debug] Clause(Atom(sbt.ScriptedPlugin),Set(Atom(sbt.plugins.JvmPlugin)))
[debug] Clause(Atom(sbt.plugins.SbtPlugin),Set(Atom(sbt.ScriptedPlugin)))
[debug] Clause(Atom(sbt.plugins.SemanticdbPlugin),Set(Atom(sbt.plugins.JvmPlugin)))
[debug] Clause(Atom(sbt.plugins.JUnitXmlReportPlugin),Set(Atom(sbt.plugins.JvmPlugin)))
[debug] Clause(Atom(sbt.plugins.MiniDependencyTreePlugin),Set(Atom(sbt.plugins.JvmPlugin)))
[debug] Clause(Atom(sbt.plugins.CorePlugin),Set(Atom(sbt.plugins.IvyPlugin)))
[debug] Clause(Atom(sbt.plugins.IvyPlugin),Set(Atom(sbt.plugins.JvmPlugin)))
[debug] Clause(Atom(sbt.plugins.JvmPlugin),Set(Atom(sbt.plugins.SemanticdbPlugin)))
[debug] Clause(Atom(sbt.plugins.JvmPlugin),Set(Atom(sbt.plugins.JUnitXmlReportPlugin)))
[debug] Clause(Atom(sbt.plugins.CorePlugin),Set(Atom(sbt.plugins.Giter8TemplatePlugin)))
[debug] Clause(Atom(sbt.plugins.JvmPlugin),Set(Atom(sbt.plugins.MiniDependencyTreePlugin))))
[debug]   :: deduced result: Matched(sbt.plugins.CorePlugin,sbt.plugins.Giter8TemplatePlugin,sbt.plugins.IvyPlugin,sbt.plugins.JvmPlugin,sbt.plugins.MiniDependencyTreePlugin,sbt.plugins.JUnitXmlReportPlugin,sbt.plugins.SemanticdbPlugin)
[debug] Plugins.deducer#function took 14.2819 ms
[info] loading settings for project scala-snake-game-build from idea1.sbt ...
[debug]               Load.resolveProject(scala-snake-game-build) took 25.0606ms
[debug]             Load.loadTransitive: finalizeProject(Project(id scala-snake-game-build, base: C:\Users\Marks-Desktop\Coding\scala-snake-game\project, plugins: List(<none>))) took 45.8581ms
[debug] [Loading] Done in C:\Users\Marks-Desktop\Coding\scala-snake-game\project, returning: (scala-snake-game-build)
[debug]           Load.loadUnit: loadedProjectsRaw took 3288.0098ms
[debug]           Load.loadUnit: cleanEvalClasses took 6.6507ms
[debug]         Load.loadUnit(file:/C:/Users/Marks-Desktop/Coding/scala-snake-game/project/, ...) took 3453.9691ms
[debug]       Load.apply: load took 3565.2351ms
[debug]       Load.apply: resolveProjects took 4.6049ms
[debug]       Load.apply: finalTransforms took 44.3638ms
[debug]       Load.apply: config.delegates took 9.2798ms
[debug]       Load.apply: Def.make(settings)... took 332.0282ms
[debug]       Load.apply: structureIndex took 86.9646ms
[debug]       Load.apply: mkStreams took 1.4013ms
[info] loading project definition from C:\Users\Marks-Desktop\Coding\scala-snake-game\project
[debug] Running task... Cancel: Signal, check cycles: false, forcegc: true
[debug]     Load.loadUnit: plugins took 5725.4597ms
[debug]     Load.loadUnit: defsScala took 0.0025ms
[debug] [Loading] Scanning directory C:\Users\Marks-Desktop\Coding\scala-snake-game
[debug]       Load.loadUnit: mkEval took 0.2253ms
[error] [C:\Users\Marks-Desktop\Coding\scala-snake-game\build.sbt]:6: ';' expected but string literal found.
[debug] > Exec(loadFailed, None, None)
[warn] Project loading failed: (r)etry, (q)uit, (l)ast, or (i)gnore? (default: r)
